2020-09-07 20:46:52 -Starting BootdoApplication on DESKTOP-M8PQO5R with PID 3000 (D:\AAAprivate\mapServer\target\classes started by Administrator in D:\AAAprivate\mapServer)
2020-09-07 20:46:52 -The following profiles are active: dev
2020-09-07 20:46:52 -Refreshing org.springframework.boot.web.servlet.context.AnnotationConfigServletWebServerApplicationContext@3b089e71: startup date [Mon Sep 07 20:46:52 CST 2020]; root of context hierarchy
2020-09-07 20:46:54 -Multiple Spring Data modules found, entering strict repository configuration mode!
2020-09-07 20:46:56 -Bean 'org.springframework.transaction.annotation.ProxyTransactionManagementConfiguration' of type [org.springframework.transaction.annotation.ProxyTransactionManagementConfiguration$$EnhancerBySpringCGLIB$$25d9837a] is not eligible for getting processed by all BeanPostProcessors (for example: not eligible for auto-proxying)
2020-09-07 20:46:57 -Tomcat initialized with port(s): 9991 (http)
2020-09-07 20:46:57 -Initializing ProtocolHandler ["http-nio-9991"]
2020-09-07 20:46:57 -Starting service [Tomcat]
2020-09-07 20:46:57 -Starting Servlet Engine: Apache Tomcat/8.5.31
2020-09-07 20:46:57 -The APR based Apache Tomcat Native library which allows optimal performance in production environments was not found on the java.library.path: [C:\Program Files\Java\jdk1.8.0_161\bin;C:\Windows\Sun\Java\bin;C:\Windows\system32;C:\Windows;C:/Program Files/Java/jre1.8.0_161/bin/server;C:/Program Files/Java/jre1.8.0_161/bin;C:/Program Files/Java/jre1.8.0_161/lib/amd64;C:\ProgramData\Oracle\Java\javapath;C:\Windows\system32;C:\Windows;C:\Windows\System32\Wbem;C:\Windows\System32\WindowsPowerShell\v1.0\;C:\Program Files\Java\jdk1.8.0_161\BIN;C:\Program Files\Java\jdk1.8.0_161\jre\bin;C:\Program Files\OpenVPN\bin;C:\Program Files\Git\cmd;D:\ZtWork\MariaDB 10.2\bin;C:\Program Files\Bandizip\;D:\ZtWork\MariaDB 10.2\bin;;D:\eclipse_64\eclipse;;.]
2020-09-07 20:46:57 -Initializing Spring embedded WebApplicationContext
2020-09-07 20:46:57 -Root WebApplicationContext: initialization completed in 5195 ms
2020-09-07 20:46:57 -Servlet dispatcherServlet mapped to [/]
2020-09-07 20:46:57 -Mapping filter: 'characterEncodingFilter' to: [/*]
2020-09-07 20:46:57 -Mapping filter: 'hiddenHttpMethodFilter' to: [/*]
2020-09-07 20:46:57 -Mapping filter: 'httpPutFormContentFilter' to: [/*]
2020-09-07 20:46:57 -Mapping filter: 'requestContextFilter' to: [/*]
2020-09-07 20:46:59 -Mapped URL path [/**/favicon.ico] onto handler of type [class org.springframework.web.servlet.resource.ResourceHttpRequestHandler]
2020-09-07 20:46:59 -Looking for @ControllerAdvice: org.springframework.boot.web.servlet.context.AnnotationConfigServletWebServerApplicationContext@3b089e71: startup date [Mon Sep 07 20:46:52 CST 2020]; root of context hierarchy
2020-09-07 20:47:00 -Mapped "{[/base/getstatuscode],methods=[GET]}" onto public java.util.List<java.util.Map<java.lang.String, java.lang.Object>> com.bootdo.system.controller.BaseInfoController.getStatusCode(java.util.Map<java.lang.String, java.lang.Object>)
2020-09-07 20:47:00 -Mapped "{[/base/getcityinfo],methods=[GET]}" onto public java.util.List<java.util.Map<java.lang.String, java.lang.Object>> com.bootdo.system.controller.BaseInfoController.getCityInfo(java.util.Map<java.lang.String, java.lang.Object>)
2020-09-07 20:47:00 -Mapped "{[/base/getimagecode],methods=[GET]}" onto public java.util.List<java.util.Map<java.lang.String, java.lang.Object>> com.bootdo.system.controller.BaseInfoController.getImageCode(java.util.Map<java.lang.String, java.lang.Object>)
2020-09-07 20:47:00 -Mapped "{[/index],methods=[GET]}" onto java.lang.String com.bootdo.system.controller.LoginController.index(org.springframework.ui.Model)
2020-09-07 20:47:00 -Mapped "{[/main],methods=[GET]}" onto java.lang.String com.bootdo.system.controller.LoginController.main()
2020-09-07 20:47:00 -Mapped "{[/mapgoogle],methods=[GET]}" onto java.lang.String com.bootdo.system.controller.LoginController.mapGoogle(org.springframework.ui.Model)
2020-09-07 20:47:00 -Mapped "{[/ || ],methods=[GET]}" onto java.lang.String com.bootdo.system.controller.LoginController.welcome(org.springframework.ui.Model)
2020-09-07 20:47:00 -Mapped "{[/sys/xzyl],methods=[GET]}" onto java.lang.String com.bootdo.system.controller.XzylController.index(org.springframework.ui.Model)
2020-09-07 20:47:00 -Mapped "{[/sys/add],methods=[GET]}" onto java.lang.String com.bootdo.system.controller.XzylController.add()
2020-09-07 20:47:00 -Mapped "{[/sys/remove],methods=[POST]}" onto public com.bootdo.common.utils.ReturnType com.bootdo.system.controller.XzylController.remove(java.lang.Long)
2020-09-07 20:47:00 -Mapped "{[/sys/update]}" onto public com.bootdo.common.utils.ReturnType com.bootdo.system.controller.XzylController.update(com.bootdo.system.domain.ImageAddressDO,org.springframework.web.multipart.MultipartFile[])
2020-09-07 20:47:00 -Mapped "{[/sys/list],methods=[GET]}" onto public com.bootdo.common.utils.PageUtils com.bootdo.system.controller.XzylController.list(java.util.Map<java.lang.String, java.lang.Object>)
2020-09-07 20:47:00 -Mapped "{[/sys/save],methods=[POST]}" onto public com.bootdo.common.utils.ReturnType com.bootdo.system.controller.XzylController.save(com.bootdo.system.domain.ImageAddressDO,org.springframework.web.multipart.MultipartFile[])
2020-09-07 20:47:00 -Mapped "{[/sys/info/{id}],methods=[GET]}" onto java.lang.String com.bootdo.system.controller.XzylController.info(java.lang.Long,org.springframework.ui.Model)
2020-09-07 20:47:00 -Mapped "{[/sys/detail/address],methods=[GET]}" onto java.lang.String com.bootdo.system.controller.XzylController.detailByAddress(java.util.Map<java.lang.String, java.lang.Object>,org.springframework.ui.Model)
2020-09-07 20:47:00 -Mapped "{[/sys/edit/{id}],methods=[GET]}" onto java.lang.String com.bootdo.system.controller.XzylController.edit(java.lang.Long,org.springframework.ui.Model)
2020-09-07 20:47:00 -Mapped "{[/sys/detail/{id}],methods=[GET]}" onto java.lang.String com.bootdo.system.controller.XzylController.detailById(java.lang.Long,org.springframework.ui.Model)
2020-09-07 20:47:00 -Mapped "{[/sys/listall],methods=[GET]}" onto public java.util.List<com.bootdo.system.domain.ImageAddressDO> com.bootdo.system.controller.XzylController.listAll(java.util.Map<java.lang.String, java.lang.Object>)
2020-09-07 20:47:00 -Mapped "{[/error]}" onto public org.springframework.http.ResponseEntity<java.util.Map<java.lang.String, java.lang.Object>> org.springframework.boot.autoconfigure.web.servlet.error.BasicErrorController.error(javax.servlet.http.HttpServletRequest)
2020-09-07 20:47:00 -Mapped "{[/error],produces=[text/html]}" onto public org.springframework.web.servlet.ModelAndView org.springframework.boot.autoconfigure.web.servlet.error.BasicErrorController.errorHtml(javax.servlet.http.HttpServletRequest,javax.servlet.http.HttpServletResponse)
2020-09-07 20:47:00 -Mapped URL path [/webjars/**] onto handler of type [class org.springframework.web.servlet.resource.ResourceHttpRequestHandler]
2020-09-07 20:47:00 -Mapped URL path [/**] onto handler of type [class org.springframework.web.servlet.resource.ResourceHttpRequestHandler]
2020-09-07 20:47:00 -[THYMELEAF][restartedMain] Template Mode 'LEGACYHTML5' is deprecated. Using Template Mode 'HTML' instead.
2020-09-07 20:47:01 -HikariPool-1 - Starting...
2020-09-07 20:47:02 -HikariPool-1 - Start completed.
2020-09-07 20:47:02 -Using default implementation for ThreadExecutor
2020-09-07 20:47:02 -Initialized Scheduler Signaller of type: class org.quartz.core.SchedulerSignalerImpl
2020-09-07 20:47:02 -Quartz Scheduler v.2.2.1 created.
2020-09-07 20:47:02 -RAMJobStore initialized.
2020-09-07 20:47:02 -Scheduler meta-data: Quartz Scheduler (v2.2.1) 'quartzScheduler' with instanceId 'NON_CLUSTERED'
  Scheduler class: 'org.quartz.core.QuartzScheduler' - running locally.
  NOT STARTED.
  Currently in standby mode.
  Number of jobs executed: 0
  Using thread pool 'org.quartz.simpl.SimpleThreadPool' - with 10 threads.
  Using job-store 'org.quartz.simpl.RAMJobStore' - which does not support persistence. and is not clustered.

2020-09-07 20:47:02 -Quartz scheduler 'quartzScheduler' initialized from an externally provided properties instance.
2020-09-07 20:47:02 -Quartz scheduler version: 2.2.1
2020-09-07 20:47:02 -JobFactory set to: org.springframework.boot.autoconfigure.quartz.AutowireCapableBeanJobFactory@34ca13fd
2020-09-07 20:47:03 -LiveReload server is running on port 35729
2020-09-07 20:47:03 -Registering beans for JMX exposure on startup
2020-09-07 20:47:03 -Bean with name 'dataSource' has been autodetected for JMX exposure
2020-09-07 20:47:03 -Located MBean 'dataSource': registering with JMX server as MBean [com.zaxxer.hikari:name=dataSource,type=HikariDataSource]
2020-09-07 20:47:03 -Starting beans in phase 2147483647
2020-09-07 20:47:03 -Starting Quartz Scheduler now
2020-09-07 20:47:03 -Scheduler quartzScheduler_$_NON_CLUSTERED started.
2020-09-07 20:47:03 -Starting ProtocolHandler ["http-nio-9991"]
2020-09-07 20:47:03 -Using a shared selector for servlet write/read
2020-09-07 20:47:03 -Tomcat started on port(s): 9991 (http) with context path ''
2020-09-07 20:47:03 -Started BootdoApplication in 12.551 seconds (JVM running for 13.79)
2020-09-07 20:47:23 -Initializing Spring FrameworkServlet 'dispatcherServlet'
2020-09-07 20:47:23 -FrameworkServlet 'dispatcherServlet': initialization started
2020-09-07 20:47:23 -FrameworkServlet 'dispatcherServlet': initialization completed in 111 ms
2020-09-07 20:57:24 -Starting BootdoApplication on DESKTOP-M8PQO5R with PID 11564 (D:\AAAprivate\mapServer\target\classes started by Administrator in D:\AAAprivate\mapServer)
2020-09-07 20:57:24 -The following profiles are active: dev
2020-09-07 20:57:24 -Refreshing org.springframework.boot.web.servlet.context.AnnotationConfigServletWebServerApplicationContext@62acd322: startup date [Mon Sep 07 20:57:24 CST 2020]; root of context hierarchy
2020-09-07 20:57:26 -Multiple Spring Data modules found, entering strict repository configuration mode!
2020-09-07 20:57:28 -Bean 'org.springframework.transaction.annotation.ProxyTransactionManagementConfiguration' of type [org.springframework.transaction.annotation.ProxyTransactionManagementConfiguration$$EnhancerBySpringCGLIB$$f6b08b3b] is not eligible for getting processed by all BeanPostProcessors (for example: not eligible for auto-proxying)
2020-09-07 20:57:29 -Tomcat initialized with port(s): 9991 (http)
2020-09-07 20:57:29 -Initializing ProtocolHandler ["http-nio-9991"]
2020-09-07 20:57:29 -Starting service [Tomcat]
2020-09-07 20:57:29 -Starting Servlet Engine: Apache Tomcat/8.5.31
2020-09-07 20:57:29 -The APR based Apache Tomcat Native library which allows optimal performance in production environments was not found on the java.library.path: [C:\Program Files\Java\jdk1.8.0_161\bin;C:\Windows\Sun\Java\bin;C:\Windows\system32;C:\Windows;C:/Program Files/Java/jre1.8.0_161/bin/server;C:/Program Files/Java/jre1.8.0_161/bin;C:/Program Files/Java/jre1.8.0_161/lib/amd64;C:\ProgramData\Oracle\Java\javapath;C:\Windows\system32;C:\Windows;C:\Windows\System32\Wbem;C:\Windows\System32\WindowsPowerShell\v1.0\;C:\Program Files\Java\jdk1.8.0_161\BIN;C:\Program Files\Java\jdk1.8.0_161\jre\bin;C:\Program Files\OpenVPN\bin;C:\Program Files\Git\cmd;D:\ZtWork\MariaDB 10.2\bin;C:\Program Files\Bandizip\;D:\ZtWork\MariaDB 10.2\bin;;D:\eclipse_64\eclipse;;.]
2020-09-07 20:57:29 -Initializing Spring embedded WebApplicationContext
2020-09-07 20:57:29 -Root WebApplicationContext: initialization completed in 5411 ms
2020-09-07 20:57:30 -Servlet dispatcherServlet mapped to [/]
2020-09-07 20:57:30 -Mapping filter: 'characterEncodingFilter' to: [/*]
2020-09-07 20:57:30 -Mapping filter: 'hiddenHttpMethodFilter' to: [/*]
2020-09-07 20:57:30 -Mapping filter: 'httpPutFormContentFilter' to: [/*]
2020-09-07 20:57:30 -Mapping filter: 'requestContextFilter' to: [/*]
2020-09-07 20:57:31 -Mapped URL path [/**/favicon.ico] onto handler of type [class org.springframework.web.servlet.resource.ResourceHttpRequestHandler]
2020-09-07 20:57:32 -Looking for @ControllerAdvice: org.springframework.boot.web.servlet.context.AnnotationConfigServletWebServerApplicationContext@62acd322: startup date [Mon Sep 07 20:57:24 CST 2020]; root of context hierarchy
2020-09-07 20:57:32 -Mapped "{[/base/getstatuscode],methods=[GET]}" onto public java.util.List<java.util.Map<java.lang.String, java.lang.Object>> com.bootdo.system.controller.BaseInfoController.getStatusCode(java.util.Map<java.lang.String, java.lang.Object>)
2020-09-07 20:57:32 -Mapped "{[/base/getcityinfo],methods=[GET]}" onto public java.util.List<java.util.Map<java.lang.String, java.lang.Object>> com.bootdo.system.controller.BaseInfoController.getCityInfo(java.util.Map<java.lang.String, java.lang.Object>)
2020-09-07 20:57:32 -Mapped "{[/base/getimagecode],methods=[GET]}" onto public java.util.List<java.util.Map<java.lang.String, java.lang.Object>> com.bootdo.system.controller.BaseInfoController.getImageCode(java.util.Map<java.lang.String, java.lang.Object>)
2020-09-07 20:57:32 -Mapped "{[/index],methods=[GET]}" onto java.lang.String com.bootdo.system.controller.LoginController.index(org.springframework.ui.Model)
2020-09-07 20:57:32 -Mapped "{[/main],methods=[GET]}" onto java.lang.String com.bootdo.system.controller.LoginController.main()
2020-09-07 20:57:32 -Mapped "{[/mapgoogle],methods=[GET]}" onto java.lang.String com.bootdo.system.controller.LoginController.mapGoogle(org.springframework.ui.Model)
2020-09-07 20:57:32 -Mapped "{[/ || ],methods=[GET]}" onto java.lang.String com.bootdo.system.controller.LoginController.welcome(org.springframework.ui.Model)
2020-09-07 20:57:32 -Mapped "{[/sys/xzyl],methods=[GET]}" onto java.lang.String com.bootdo.system.controller.XzylController.index(org.springframework.ui.Model)
2020-09-07 20:57:32 -Mapped "{[/sys/add],methods=[GET]}" onto java.lang.String com.bootdo.system.controller.XzylController.add()
2020-09-07 20:57:32 -Mapped "{[/sys/remove],methods=[POST]}" onto public com.bootdo.common.utils.ReturnType com.bootdo.system.controller.XzylController.remove(java.lang.Long)
2020-09-07 20:57:32 -Mapped "{[/sys/update]}" onto public com.bootdo.common.utils.ReturnType com.bootdo.system.controller.XzylController.update(com.bootdo.system.domain.ImageAddressDO,org.springframework.web.multipart.MultipartFile[])
2020-09-07 20:57:32 -Mapped "{[/sys/list],methods=[GET]}" onto public com.bootdo.common.utils.PageUtils com.bootdo.system.controller.XzylController.list(java.util.Map<java.lang.String, java.lang.Object>)
2020-09-07 20:57:32 -Mapped "{[/sys/save],methods=[POST]}" onto public com.bootdo.common.utils.ReturnType com.bootdo.system.controller.XzylController.save(com.bootdo.system.domain.ImageAddressDO,org.springframework.web.multipart.MultipartFile[])
2020-09-07 20:57:32 -Mapped "{[/sys/info/{id}],methods=[GET]}" onto java.lang.String com.bootdo.system.controller.XzylController.info(java.lang.Long,org.springframework.ui.Model)
2020-09-07 20:57:32 -Mapped "{[/sys/listall],methods=[GET]}" onto public java.util.List<com.bootdo.system.domain.ImageAddressDO> com.bootdo.system.controller.XzylController.listAll(java.util.Map<java.lang.String, java.lang.Object>)
2020-09-07 20:57:32 -Mapped "{[/sys/edit/{id}],methods=[GET]}" onto java.lang.String com.bootdo.system.controller.XzylController.edit(java.lang.Long,org.springframework.ui.Model)
2020-09-07 20:57:32 -Mapped "{[/sys/detail/{id}],methods=[GET]}" onto java.lang.String com.bootdo.system.controller.XzylController.detailById(java.lang.Long,org.springframework.ui.Model)
2020-09-07 20:57:32 -Mapped "{[/sys/detail/address],methods=[GET]}" onto java.lang.String com.bootdo.system.controller.XzylController.detailByAddress(java.util.Map<java.lang.String, java.lang.Object>,org.springframework.ui.Model)
2020-09-07 20:57:32 -Mapped "{[/sys/updmap/{id}],methods=[GET]}" onto java.lang.String com.bootdo.system.controller.XzylController.updmap(java.lang.Long,org.springframework.ui.Model)
2020-09-07 20:57:32 -Mapped "{[/error]}" onto public org.springframework.http.ResponseEntity<java.util.Map<java.lang.String, java.lang.Object>> org.springframework.boot.autoconfigure.web.servlet.error.BasicErrorController.error(javax.servlet.http.HttpServletRequest)
2020-09-07 20:57:32 -Mapped "{[/error],produces=[text/html]}" onto public org.springframework.web.servlet.ModelAndView org.springframework.boot.autoconfigure.web.servlet.error.BasicErrorController.errorHtml(javax.servlet.http.HttpServletRequest,javax.servlet.http.HttpServletResponse)
2020-09-07 20:57:32 -Mapped URL path [/webjars/**] onto handler of type [class org.springframework.web.servlet.resource.ResourceHttpRequestHandler]
2020-09-07 20:57:32 -Mapped URL path [/**] onto handler of type [class org.springframework.web.servlet.resource.ResourceHttpRequestHandler]
2020-09-07 20:57:32 -[THYMELEAF][restartedMain] Template Mode 'LEGACYHTML5' is deprecated. Using Template Mode 'HTML' instead.
2020-09-07 20:57:34 -HikariPool-1 - Starting...
2020-09-07 20:57:35 -HikariPool-1 - Start completed.
2020-09-07 20:57:35 -Using default implementation for ThreadExecutor
2020-09-07 20:57:35 -Initialized Scheduler Signaller of type: class org.quartz.core.SchedulerSignalerImpl
2020-09-07 20:57:35 -Quartz Scheduler v.2.2.1 created.
2020-09-07 20:57:35 -RAMJobStore initialized.
2020-09-07 20:57:35 -Scheduler meta-data: Quartz Scheduler (v2.2.1) 'quartzScheduler' with instanceId 'NON_CLUSTERED'
  Scheduler class: 'org.quartz.core.QuartzScheduler' - running locally.
  NOT STARTED.
  Currently in standby mode.
  Number of jobs executed: 0
  Using thread pool 'org.quartz.simpl.SimpleThreadPool' - with 10 threads.
  Using job-store 'org.quartz.simpl.RAMJobStore' - which does not support persistence. and is not clustered.

2020-09-07 20:57:35 -Quartz scheduler 'quartzScheduler' initialized from an externally provided properties instance.
2020-09-07 20:57:35 -Quartz scheduler version: 2.2.1
2020-09-07 20:57:35 -JobFactory set to: org.springframework.boot.autoconfigure.quartz.AutowireCapableBeanJobFactory@80120ff
2020-09-07 20:57:36 -LiveReload server is running on port 35729
2020-09-07 20:57:36 -Registering beans for JMX exposure on startup
2020-09-07 20:57:36 -Bean with name 'dataSource' has been autodetected for JMX exposure
2020-09-07 20:57:36 -Located MBean 'dataSource': registering with JMX server as MBean [com.zaxxer.hikari:name=dataSource,type=HikariDataSource]
2020-09-07 20:57:36 -Starting beans in phase 2147483647
2020-09-07 20:57:36 -Starting Quartz Scheduler now
2020-09-07 20:57:36 -Scheduler quartzScheduler_$_NON_CLUSTERED started.
2020-09-07 20:57:36 -Starting ProtocolHandler ["http-nio-9991"]
2020-09-07 20:57:36 -Using a shared selector for servlet write/read
2020-09-07 20:57:36 -Tomcat started on port(s): 9991 (http) with context path ''
2020-09-07 20:57:36 -Started BootdoApplication in 14.057 seconds (JVM running for 15.301)
2020-09-07 20:57:37 -Initializing Spring FrameworkServlet 'dispatcherServlet'
2020-09-07 20:57:37 -FrameworkServlet 'dispatcherServlet': initialization started
2020-09-07 20:57:37 -FrameworkServlet 'dispatcherServlet': initialization completed in 194 ms
2020-09-07 22:24:46 -Starting BootdoApplication on DESKTOP-M8PQO5R with PID 6540 (D:\AAAprivate\mapServer\target\classes started by Administrator in D:\AAAprivate\mapServer)
2020-09-07 22:24:46 -The following profiles are active: dev
2020-09-07 22:24:46 -Refreshing org.springframework.boot.web.servlet.context.AnnotationConfigServletWebServerApplicationContext@391ad4ec: startup date [Mon Sep 07 22:24:46 CST 2020]; root of context hierarchy
2020-09-07 22:24:53 -Multiple Spring Data modules found, entering strict repository configuration mode!
2020-09-07 22:24:55 -Bean 'org.springframework.transaction.annotation.ProxyTransactionManagementConfiguration' of type [org.springframework.transaction.annotation.ProxyTransactionManagementConfiguration$$EnhancerBySpringCGLIB$$f2a3045] is not eligible for getting processed by all BeanPostProcessors (for example: not eligible for auto-proxying)
2020-09-07 22:24:59 -Tomcat initialized with port(s): 9991 (http)
2020-09-07 22:24:59 -Initializing ProtocolHandler ["http-nio-9991"]
2020-09-07 22:24:59 -Starting service [Tomcat]
2020-09-07 22:24:59 -Starting Servlet Engine: Apache Tomcat/8.5.31
2020-09-07 22:24:59 -The APR based Apache Tomcat Native library which allows optimal performance in production environments was not found on the java.library.path: [C:\Program Files\Java\jdk1.8.0_161\bin;C:\Windows\Sun\Java\bin;C:\Windows\system32;C:\Windows;C:/Program Files/Java/jre1.8.0_161/bin/server;C:/Program Files/Java/jre1.8.0_161/bin;C:/Program Files/Java/jre1.8.0_161/lib/amd64;C:\ProgramData\Oracle\Java\javapath;C:\Windows\system32;C:\Windows;C:\Windows\System32\Wbem;C:\Windows\System32\WindowsPowerShell\v1.0\;C:\Program Files\Java\jdk1.8.0_161\BIN;C:\Program Files\Java\jdk1.8.0_161\jre\bin;C:\Program Files\OpenVPN\bin;C:\Program Files\Git\cmd;D:\ZtWork\MariaDB 10.2\bin;C:\Program Files\Bandizip\;D:\ZtWork\MariaDB 10.2\bin;;D:\eclipse_64\eclipse;;.]
2020-09-07 22:25:00 -Initializing Spring embedded WebApplicationContext
2020-09-07 22:25:00 -Root WebApplicationContext: initialization completed in 14013 ms
2020-09-07 22:25:01 -Servlet dispatcherServlet mapped to [/]
2020-09-07 22:25:01 -Mapping filter: 'characterEncodingFilter' to: [/*]
2020-09-07 22:25:01 -Mapping filter: 'hiddenHttpMethodFilter' to: [/*]
2020-09-07 22:25:01 -Mapping filter: 'httpPutFormContentFilter' to: [/*]
2020-09-07 22:25:01 -Mapping filter: 'requestContextFilter' to: [/*]
2020-09-07 22:25:05 -Mapped URL path [/**/favicon.ico] onto handler of type [class org.springframework.web.servlet.resource.ResourceHttpRequestHandler]
2020-09-07 22:25:07 -Looking for @ControllerAdvice: org.springframework.boot.web.servlet.context.AnnotationConfigServletWebServerApplicationContext@391ad4ec: startup date [Mon Sep 07 22:24:46 CST 2020]; root of context hierarchy
2020-09-07 22:25:07 -Mapped "{[/base/getimagecode],methods=[GET]}" onto public java.util.List<java.util.Map<java.lang.String, java.lang.Object>> com.bootdo.system.controller.BaseInfoController.getImageCode(java.util.Map<java.lang.String, java.lang.Object>)
2020-09-07 22:25:07 -Mapped "{[/base/getstatuscode],methods=[GET]}" onto public java.util.List<java.util.Map<java.lang.String, java.lang.Object>> com.bootdo.system.controller.BaseInfoController.getStatusCode(java.util.Map<java.lang.String, java.lang.Object>)
2020-09-07 22:25:07 -Mapped "{[/base/getcityinfo],methods=[GET]}" onto public java.util.List<java.util.Map<java.lang.String, java.lang.Object>> com.bootdo.system.controller.BaseInfoController.getCityInfo(java.util.Map<java.lang.String, java.lang.Object>)
2020-09-07 22:25:08 -Mapped "{[/index],methods=[GET]}" onto java.lang.String com.bootdo.system.controller.LoginController.index(org.springframework.ui.Model)
2020-09-07 22:25:08 -Mapped "{[/main],methods=[GET]}" onto java.lang.String com.bootdo.system.controller.LoginController.main()
2020-09-07 22:25:08 -Mapped "{[/mapgoogle],methods=[GET]}" onto java.lang.String com.bootdo.system.controller.LoginController.mapGoogle(org.springframework.ui.Model)
2020-09-07 22:25:08 -Mapped "{[/ || ],methods=[GET]}" onto java.lang.String com.bootdo.system.controller.LoginController.welcome(org.springframework.ui.Model)
2020-09-07 22:25:08 -Mapped "{[/sys/xzyl],methods=[GET]}" onto java.lang.String com.bootdo.system.controller.XzylController.index(org.springframework.ui.Model)
2020-09-07 22:25:08 -Mapped "{[/sys/add],methods=[GET]}" onto java.lang.String com.bootdo.system.controller.XzylController.add()
2020-09-07 22:25:08 -Mapped "{[/sys/remove],methods=[POST]}" onto public com.bootdo.common.utils.ReturnType com.bootdo.system.controller.XzylController.remove(java.lang.Long)
2020-09-07 22:25:08 -Mapped "{[/sys/update]}" onto public com.bootdo.common.utils.ReturnType com.bootdo.system.controller.XzylController.update(com.bootdo.system.domain.ImageAddressDO,org.springframework.web.multipart.MultipartFile[])
2020-09-07 22:25:08 -Mapped "{[/sys/list],methods=[GET]}" onto public com.bootdo.common.utils.PageUtils com.bootdo.system.controller.XzylController.list(java.util.Map<java.lang.String, java.lang.Object>)
2020-09-07 22:25:08 -Mapped "{[/sys/save],methods=[POST]}" onto public com.bootdo.common.utils.ReturnType com.bootdo.system.controller.XzylController.save(com.bootdo.system.domain.ImageAddressDO,org.springframework.web.multipart.MultipartFile[])
2020-09-07 22:25:08 -Mapped "{[/sys/info/{id}],methods=[GET]}" onto java.lang.String com.bootdo.system.controller.XzylController.info(java.lang.Long,org.springframework.ui.Model)
2020-09-07 22:25:08 -Mapped "{[/sys/updmap/{id}],methods=[GET]}" onto java.lang.String com.bootdo.system.controller.XzylController.updmap(java.lang.Long,org.springframework.ui.Model)
2020-09-07 22:25:08 -Mapped "{[/sys/listall],methods=[GET]}" onto public java.util.List<com.bootdo.system.domain.ImageAddressDO> com.bootdo.system.controller.XzylController.listAll(java.util.Map<java.lang.String, java.lang.Object>)
2020-09-07 22:25:08 -Mapped "{[/sys/edit/{id}],methods=[GET]}" onto java.lang.String com.bootdo.system.controller.XzylController.edit(java.lang.Long,org.springframework.ui.Model)
2020-09-07 22:25:08 -Mapped "{[/sys/detail/{id}],methods=[GET]}" onto java.lang.String com.bootdo.system.controller.XzylController.detailById(java.lang.Long,org.springframework.ui.Model)
2020-09-07 22:25:08 -Mapped "{[/sys/detail/address],methods=[GET]}" onto java.lang.String com.bootdo.system.controller.XzylController.detailByAddress(java.util.Map<java.lang.String, java.lang.Object>,org.springframework.ui.Model)
2020-09-07 22:25:08 -Mapped "{[/error]}" onto public org.springframework.http.ResponseEntity<java.util.Map<java.lang.String, java.lang.Object>> org.springframework.boot.autoconfigure.web.servlet.error.BasicErrorController.error(javax.servlet.http.HttpServletRequest)
2020-09-07 22:25:08 -Mapped "{[/error],produces=[text/html]}" onto public org.springframework.web.servlet.ModelAndView org.springframework.boot.autoconfigure.web.servlet.error.BasicErrorController.errorHtml(javax.servlet.http.HttpServletRequest,javax.servlet.http.HttpServletResponse)
2020-09-07 22:25:08 -Mapped URL path [/webjars/**] onto handler of type [class org.springframework.web.servlet.resource.ResourceHttpRequestHandler]
2020-09-07 22:25:08 -Mapped URL path [/**] onto handler of type [class org.springframework.web.servlet.resource.ResourceHttpRequestHandler]
2020-09-07 22:25:09 -[THYMELEAF][restartedMain] Template Mode 'LEGACYHTML5' is deprecated. Using Template Mode 'HTML' instead.
2020-09-07 22:25:13 -HikariPool-1 - Starting...
2020-09-07 22:25:14 -HikariPool-1 - Start completed.
2020-09-07 22:25:15 -Using default implementation for ThreadExecutor
2020-09-07 22:25:15 -Initialized Scheduler Signaller of type: class org.quartz.core.SchedulerSignalerImpl
2020-09-07 22:25:15 -Quartz Scheduler v.2.2.1 created.
2020-09-07 22:25:15 -RAMJobStore initialized.
2020-09-07 22:25:15 -Scheduler meta-data: Quartz Scheduler (v2.2.1) 'quartzScheduler' with instanceId 'NON_CLUSTERED'
  Scheduler class: 'org.quartz.core.QuartzScheduler' - running locally.
  NOT STARTED.
  Currently in standby mode.
  Number of jobs executed: 0
  Using thread pool 'org.quartz.simpl.SimpleThreadPool' - with 10 threads.
  Using job-store 'org.quartz.simpl.RAMJobStore' - which does not support persistence. and is not clustered.

2020-09-07 22:25:15 -Quartz scheduler 'quartzScheduler' initialized from an externally provided properties instance.
2020-09-07 22:25:15 -Quartz scheduler version: 2.2.1
2020-09-07 22:25:15 -JobFactory set to: org.springframework.boot.autoconfigure.quartz.AutowireCapableBeanJobFactory@3830343c
2020-09-07 22:25:17 -LiveReload server is running on port 35729
2020-09-07 22:25:17 -Registering beans for JMX exposure on startup
2020-09-07 22:25:17 -Bean with name 'dataSource' has been autodetected for JMX exposure
2020-09-07 22:25:17 -Located MBean 'dataSource': registering with JMX server as MBean [com.zaxxer.hikari:name=dataSource,type=HikariDataSource]
2020-09-07 22:25:17 -Starting beans in phase 2147483647
2020-09-07 22:25:17 -Starting Quartz Scheduler now
2020-09-07 22:25:17 -Scheduler quartzScheduler_$_NON_CLUSTERED started.
2020-09-07 22:25:17 -Starting ProtocolHandler ["http-nio-9991"]
2020-09-07 22:25:17 -Using a shared selector for servlet write/read
2020-09-07 22:25:17 -Tomcat started on port(s): 9991 (http) with context path ''
2020-09-07 22:25:17 -Started BootdoApplication in 34.499 seconds (JVM running for 36.993)
2020-09-07 22:28:57 -Starting BootdoApplication on DESKTOP-M8PQO5R with PID 6188 (D:\AAAprivate\mapServer\target\classes started by Administrator in D:\AAAprivate\mapServer)
2020-09-07 22:28:57 -The following profiles are active: dev
2020-09-07 22:28:57 -Refreshing org.springframework.boot.web.servlet.context.AnnotationConfigServletWebServerApplicationContext@3dc27370: startup date [Mon Sep 07 22:28:57 CST 2020]; root of context hierarchy
2020-09-07 22:29:04 -Multiple Spring Data modules found, entering strict repository configuration mode!
2020-09-07 22:29:05 -Bean 'org.springframework.transaction.annotation.ProxyTransactionManagementConfiguration' of type [org.springframework.transaction.annotation.ProxyTransactionManagementConfiguration$$EnhancerBySpringCGLIB$$5dc00aed] is not eligible for getting processed by all BeanPostProcessors (for example: not eligible for auto-proxying)
2020-09-07 22:29:06 -Tomcat initialized with port(s): 9991 (http)
2020-09-07 22:29:06 -Initializing ProtocolHandler ["http-nio-9991"]
2020-09-07 22:29:06 -Starting service [Tomcat]
2020-09-07 22:29:06 -Starting Servlet Engine: Apache Tomcat/8.5.31
2020-09-07 22:29:06 -The APR based Apache Tomcat Native library which allows optimal performance in production environments was not found on the java.library.path: [C:\Program Files\Java\jdk1.8.0_161\bin;C:\Windows\Sun\Java\bin;C:\Windows\system32;C:\Windows;C:/Program Files/Java/jre1.8.0_161/bin/server;C:/Program Files/Java/jre1.8.0_161/bin;C:/Program Files/Java/jre1.8.0_161/lib/amd64;C:\ProgramData\Oracle\Java\javapath;C:\Windows\system32;C:\Windows;C:\Windows\System32\Wbem;C:\Windows\System32\WindowsPowerShell\v1.0\;C:\Program Files\Java\jdk1.8.0_161\BIN;C:\Program Files\Java\jdk1.8.0_161\jre\bin;C:\Program Files\OpenVPN\bin;C:\Program Files\Git\cmd;D:\ZtWork\MariaDB 10.2\bin;C:\Program Files\Bandizip\;D:\ZtWork\MariaDB 10.2\bin;;D:\eclipse_64\eclipse;;.]
2020-09-07 22:29:07 -Initializing Spring embedded WebApplicationContext
2020-09-07 22:29:07 -Root WebApplicationContext: initialization completed in 9391 ms
2020-09-07 22:29:07 -Servlet dispatcherServlet mapped to [/]
2020-09-07 22:29:07 -Mapping filter: 'characterEncodingFilter' to: [/*]
2020-09-07 22:29:07 -Mapping filter: 'hiddenHttpMethodFilter' to: [/*]
2020-09-07 22:29:07 -Mapping filter: 'httpPutFormContentFilter' to: [/*]
2020-09-07 22:29:07 -Mapping filter: 'requestContextFilter' to: [/*]
2020-09-07 22:29:09 -Mapped URL path [/**/favicon.ico] onto handler of type [class org.springframework.web.servlet.resource.ResourceHttpRequestHandler]
2020-09-07 22:29:10 -Looking for @ControllerAdvice: org.springframework.boot.web.servlet.context.AnnotationConfigServletWebServerApplicationContext@3dc27370: startup date [Mon Sep 07 22:28:57 CST 2020]; root of context hierarchy
2020-09-07 22:29:11 -Mapped "{[/base/getcityinfo],methods=[GET]}" onto public java.util.List<java.util.Map<java.lang.String, java.lang.Object>> com.bootdo.system.controller.BaseInfoController.getCityInfo(java.util.Map<java.lang.String, java.lang.Object>)
2020-09-07 22:29:11 -Mapped "{[/base/getstatuscode],methods=[GET]}" onto public java.util.List<java.util.Map<java.lang.String, java.lang.Object>> com.bootdo.system.controller.BaseInfoController.getStatusCode(java.util.Map<java.lang.String, java.lang.Object>)
2020-09-07 22:29:11 -Mapped "{[/base/getimagecode],methods=[GET]}" onto public java.util.List<java.util.Map<java.lang.String, java.lang.Object>> com.bootdo.system.controller.BaseInfoController.getImageCode(java.util.Map<java.lang.String, java.lang.Object>)
2020-09-07 22:29:11 -Mapped "{[/index],methods=[GET]}" onto java.lang.String com.bootdo.system.controller.LoginController.index(org.springframework.ui.Model)
2020-09-07 22:29:11 -Mapped "{[/main],methods=[GET]}" onto java.lang.String com.bootdo.system.controller.LoginController.main()
2020-09-07 22:29:11 -Mapped "{[/mapgoogle],methods=[GET]}" onto java.lang.String com.bootdo.system.controller.LoginController.mapGoogle(org.springframework.ui.Model)
2020-09-07 22:29:11 -Mapped "{[/ || ],methods=[GET]}" onto java.lang.String com.bootdo.system.controller.LoginController.welcome(org.springframework.ui.Model)
2020-09-07 22:29:11 -Mapped "{[/sys/xzyl],methods=[GET]}" onto java.lang.String com.bootdo.system.controller.XzylController.index(org.springframework.ui.Model)
2020-09-07 22:29:11 -Mapped "{[/sys/add],methods=[GET]}" onto java.lang.String com.bootdo.system.controller.XzylController.add()
2020-09-07 22:29:11 -Mapped "{[/sys/remove],methods=[POST]}" onto public com.bootdo.common.utils.ReturnType com.bootdo.system.controller.XzylController.remove(java.lang.Long)
2020-09-07 22:29:11 -Mapped "{[/sys/update]}" onto public com.bootdo.common.utils.ReturnType com.bootdo.system.controller.XzylController.update(com.bootdo.system.domain.ImageAddressDO,org.springframework.web.multipart.MultipartFile[])
2020-09-07 22:29:11 -Mapped "{[/sys/list],methods=[GET]}" onto public com.bootdo.common.utils.PageUtils com.bootdo.system.controller.XzylController.list(java.util.Map<java.lang.String, java.lang.Object>)
2020-09-07 22:29:11 -Mapped "{[/sys/save],methods=[POST]}" onto public com.bootdo.common.utils.ReturnType com.bootdo.system.controller.XzylController.save(com.bootdo.system.domain.ImageAddressDO,org.springframework.web.multipart.MultipartFile[])
2020-09-07 22:29:11 -Mapped "{[/sys/info/{id}],methods=[GET]}" onto java.lang.String com.bootdo.system.controller.XzylController.info(java.lang.Long,org.springframework.ui.Model)
2020-09-07 22:29:11 -Mapped "{[/sys/listall],methods=[GET]}" onto public java.util.List<com.bootdo.system.domain.ImageAddressDO> com.bootdo.system.controller.XzylController.listAll(java.util.Map<java.lang.String, java.lang.Object>)
2020-09-07 22:29:11 -Mapped "{[/sys/updmap/{id}],methods=[GET]}" onto java.lang.String com.bootdo.system.controller.XzylController.updmap(java.lang.Long,org.springframework.ui.Model)
2020-09-07 22:29:11 -Mapped "{[/sys/detail/{id}],methods=[GET]}" onto java.lang.String com.bootdo.system.controller.XzylController.detailById(java.lang.Long,org.springframework.ui.Model)
2020-09-07 22:29:11 -Mapped "{[/sys/detail/address],methods=[GET]}" onto java.lang.String com.bootdo.system.controller.XzylController.detailByAddress(java.util.Map<java.lang.String, java.lang.Object>,org.springframework.ui.Model)
2020-09-07 22:29:11 -Mapped "{[/sys/edit/{id}],methods=[GET]}" onto java.lang.String com.bootdo.system.controller.XzylController.edit(java.lang.Long,org.springframework.ui.Model)
2020-09-07 22:29:11 -Mapped "{[/error]}" onto public org.springframework.http.ResponseEntity<java.util.Map<java.lang.String, java.lang.Object>> org.springframework.boot.autoconfigure.web.servlet.error.BasicErrorController.error(javax.servlet.http.HttpServletRequest)
2020-09-07 22:29:11 -Mapped "{[/error],produces=[text/html]}" onto public org.springframework.web.servlet.ModelAndView org.springframework.boot.autoconfigure.web.servlet.error.BasicErrorController.errorHtml(javax.servlet.http.HttpServletRequest,javax.servlet.http.HttpServletResponse)
2020-09-07 22:29:11 -Mapped URL path [/webjars/**] onto handler of type [class org.springframework.web.servlet.resource.ResourceHttpRequestHandler]
2020-09-07 22:29:11 -Mapped URL path [/**] onto handler of type [class org.springframework.web.servlet.resource.ResourceHttpRequestHandler]
2020-09-07 22:29:11 -[THYMELEAF][restartedMain] Template Mode 'LEGACYHTML5' is deprecated. Using Template Mode 'HTML' instead.
2020-09-07 22:29:13 -HikariPool-1 - Starting...
2020-09-07 22:29:13 -HikariPool-1 - Start completed.
2020-09-07 22:29:13 -Using default implementation for ThreadExecutor
2020-09-07 22:29:13 -Initialized Scheduler Signaller of type: class org.quartz.core.SchedulerSignalerImpl
2020-09-07 22:29:13 -Quartz Scheduler v.2.2.1 created.
2020-09-07 22:29:13 -RAMJobStore initialized.
2020-09-07 22:29:13 -Scheduler meta-data: Quartz Scheduler (v2.2.1) 'quartzScheduler' with instanceId 'NON_CLUSTERED'
  Scheduler class: 'org.quartz.core.QuartzScheduler' - running locally.
  NOT STARTED.
  Currently in standby mode.
  Number of jobs executed: 0
  Using thread pool 'org.quartz.simpl.SimpleThreadPool' - with 10 threads.
  Using job-store 'org.quartz.simpl.RAMJobStore' - which does not support persistence. and is not clustered.

2020-09-07 22:29:13 -Quartz scheduler 'quartzScheduler' initialized from an externally provided properties instance.
2020-09-07 22:29:13 -Quartz scheduler version: 2.2.1
2020-09-07 22:29:13 -JobFactory set to: org.springframework.boot.autoconfigure.quartz.AutowireCapableBeanJobFactory@6f629df4
2020-09-07 22:29:14 -LiveReload server is running on port 35729
2020-09-07 22:29:14 -Registering beans for JMX exposure on startup
2020-09-07 22:29:14 -Bean with name 'dataSource' has been autodetected for JMX exposure
2020-09-07 22:29:14 -Located MBean 'dataSource': registering with JMX server as MBean [com.zaxxer.hikari:name=dataSource,type=HikariDataSource]
2020-09-07 22:29:14 -Starting beans in phase 2147483647
2020-09-07 22:29:14 -Starting Quartz Scheduler now
2020-09-07 22:29:14 -Scheduler quartzScheduler_$_NON_CLUSTERED started.
2020-09-07 22:29:14 -Starting ProtocolHandler ["http-nio-9991"]
2020-09-07 22:29:15 -Using a shared selector for servlet write/read
2020-09-07 22:29:15 -Tomcat started on port(s): 9991 (http) with context path ''
2020-09-07 22:29:15 -Started BootdoApplication in 21.213 seconds (JVM running for 23.797)
2020-09-07 22:29:16 -Initializing Spring FrameworkServlet 'dispatcherServlet'
2020-09-07 22:29:16 -FrameworkServlet 'dispatcherServlet': initialization started
2020-09-07 22:29:17 -FrameworkServlet 'dispatcherServlet': initialization completed in 162 ms
2020-09-07 22:31:21 -D:\AAAprivate\mapServer\src\main\resources\static\upload\images
2020-09-07 22:36:57 -Closing org.springframework.boot.web.servlet.context.AnnotationConfigServletWebServerApplicationContext@3dc27370: startup date [Mon Sep 07 22:28:57 CST 2020]; root of context hierarchy
2020-09-07 22:36:57 -Stopping beans in phase 2147483647
2020-09-07 22:36:57 -Scheduler quartzScheduler_$_NON_CLUSTERED paused.
2020-09-07 22:36:57 -Shutting down Quartz Scheduler
2020-09-07 22:36:57 -Scheduler quartzScheduler_$_NON_CLUSTERED shutting down.
2020-09-07 22:36:57 -Scheduler quartzScheduler_$_NON_CLUSTERED paused.
2020-09-07 22:36:57 -Scheduler quartzScheduler_$_NON_CLUSTERED shutdown complete.
2020-09-07 22:36:57 -Unregistering JMX-exposed beans on shutdown
2020-09-07 22:36:57 -Unregistering JMX-exposed beans
2020-09-07 22:36:57 -HikariPool-1 - Shutdown initiated...
2020-09-07 22:36:57 -HikariPool-1 - Shutdown completed.
2020-09-07 22:36:58 -Starting BootdoApplication on DESKTOP-M8PQO5R with PID 6188 (D:\AAAprivate\mapServer\target\classes started by Administrator in D:\AAAprivate\mapServer)
2020-09-07 22:36:58 -The following profiles are active: dev
2020-09-07 22:36:58 -Refreshing org.springframework.boot.web.servlet.context.AnnotationConfigServletWebServerApplicationContext@133cb377: startup date [Mon Sep 07 22:36:58 CST 2020]; root of context hierarchy
2020-09-07 22:36:59 -Multiple Spring Data modules found, entering strict repository configuration mode!
2020-09-07 22:36:59 -Bean 'org.springframework.transaction.annotation.ProxyTransactionManagementConfiguration' of type [org.springframework.transaction.annotation.ProxyTransactionManagementConfiguration$$EnhancerBySpringCGLIB$$5dc00aed] is not eligible for getting processed by all BeanPostProcessors (for example: not eligible for auto-proxying)
2020-09-07 22:37:13 -Starting BootdoApplication on DESKTOP-M8PQO5R with PID 13768 (D:\AAAprivate\mapServer\target\classes started by Administrator in D:\AAAprivate\mapServer)
2020-09-07 22:37:13 -The following profiles are active: dev
2020-09-07 22:37:13 -Refreshing org.springframework.boot.web.servlet.context.AnnotationConfigServletWebServerApplicationContext@4d2d4ac4: startup date [Mon Sep 07 22:37:13 CST 2020]; root of context hierarchy
2020-09-07 22:37:17 -Multiple Spring Data modules found, entering strict repository configuration mode!
2020-09-07 22:37:19 -Bean 'org.springframework.transaction.annotation.ProxyTransactionManagementConfiguration' of type [org.springframework.transaction.annotation.ProxyTransactionManagementConfiguration$$EnhancerBySpringCGLIB$$6e046a18] is not eligible for getting processed by all BeanPostProcessors (for example: not eligible for auto-proxying)
2020-09-07 22:37:20 -Tomcat initialized with port(s): 9991 (http)
2020-09-07 22:37:20 -Initializing ProtocolHandler ["http-nio-9991"]
2020-09-07 22:37:20 -Starting service [Tomcat]
2020-09-07 22:37:20 -Starting Servlet Engine: Apache Tomcat/8.5.31
2020-09-07 22:37:20 -The APR based Apache Tomcat Native library which allows optimal performance in production environments was not found on the java.library.path: [C:\Program Files\Java\jdk1.8.0_161\bin;C:\Windows\Sun\Java\bin;C:\Windows\system32;C:\Windows;C:/Program Files/Java/jre1.8.0_161/bin/server;C:/Program Files/Java/jre1.8.0_161/bin;C:/Program Files/Java/jre1.8.0_161/lib/amd64;C:\ProgramData\Oracle\Java\javapath;C:\Windows\system32;C:\Windows;C:\Windows\System32\Wbem;C:\Windows\System32\WindowsPowerShell\v1.0\;C:\Program Files\Java\jdk1.8.0_161\BIN;C:\Program Files\Java\jdk1.8.0_161\jre\bin;C:\Program Files\OpenVPN\bin;C:\Program Files\Git\cmd;D:\ZtWork\MariaDB 10.2\bin;C:\Program Files\Bandizip\;D:\ZtWork\MariaDB 10.2\bin;;D:\eclipse_64\eclipse;;.]
2020-09-07 22:37:20 -Initializing Spring embedded WebApplicationContext
2020-09-07 22:37:20 -Root WebApplicationContext: initialization completed in 6729 ms
2020-09-07 22:37:20 -Servlet dispatcherServlet mapped to [/]
2020-09-07 22:37:20 -Mapping filter: 'characterEncodingFilter' to: [/*]
2020-09-07 22:37:20 -Mapping filter: 'hiddenHttpMethodFilter' to: [/*]
2020-09-07 22:37:20 -Mapping filter: 'httpPutFormContentFilter' to: [/*]
2020-09-07 22:37:20 -Mapping filter: 'requestContextFilter' to: [/*]
2020-09-07 22:37:22 -Mapped URL path [/**/favicon.ico] onto handler of type [class org.springframework.web.servlet.resource.ResourceHttpRequestHandler]
2020-09-07 22:37:23 -Looking for @ControllerAdvice: org.springframework.boot.web.servlet.context.AnnotationConfigServletWebServerApplicationContext@4d2d4ac4: startup date [Mon Sep 07 22:37:13 CST 2020]; root of context hierarchy
2020-09-07 22:37:23 -Mapped "{[/base/getcityinfo],methods=[GET]}" onto public java.util.List<java.util.Map<java.lang.String, java.lang.Object>> com.bootdo.system.controller.BaseInfoController.getCityInfo(java.util.Map<java.lang.String, java.lang.Object>)
2020-09-07 22:37:23 -Mapped "{[/base/getimagecode],methods=[GET]}" onto public java.util.List<java.util.Map<java.lang.String, java.lang.Object>> com.bootdo.system.controller.BaseInfoController.getImageCode(java.util.Map<java.lang.String, java.lang.Object>)
2020-09-07 22:37:23 -Mapped "{[/base/getstatuscode],methods=[GET]}" onto public java.util.List<java.util.Map<java.lang.String, java.lang.Object>> com.bootdo.system.controller.BaseInfoController.getStatusCode(java.util.Map<java.lang.String, java.lang.Object>)
2020-09-07 22:37:23 -Mapped "{[/index],methods=[GET]}" onto java.lang.String com.bootdo.system.controller.LoginController.index(org.springframework.ui.Model)
2020-09-07 22:37:23 -Mapped "{[/main],methods=[GET]}" onto java.lang.String com.bootdo.system.controller.LoginController.main()
2020-09-07 22:37:23 -Mapped "{[/ || ],methods=[GET]}" onto java.lang.String com.bootdo.system.controller.LoginController.welcome(org.springframework.ui.Model)
2020-09-07 22:37:23 -Mapped "{[/mapgoogle],methods=[GET]}" onto java.lang.String com.bootdo.system.controller.LoginController.mapGoogle(org.springframework.ui.Model)
2020-09-07 22:37:23 -Mapped "{[/sys/xzyl],methods=[GET]}" onto java.lang.String com.bootdo.system.controller.XzylController.index(org.springframework.ui.Model)
2020-09-07 22:37:23 -Mapped "{[/sys/add],methods=[GET]}" onto java.lang.String com.bootdo.system.controller.XzylController.add()
2020-09-07 22:37:23 -Mapped "{[/sys/remove],methods=[POST]}" onto public com.bootdo.common.utils.ReturnType com.bootdo.system.controller.XzylController.remove(java.lang.Long)
2020-09-07 22:37:23 -Mapped "{[/sys/update]}" onto public com.bootdo.common.utils.ReturnType com.bootdo.system.controller.XzylController.update(com.bootdo.system.domain.ImageAddressDO,org.springframework.web.multipart.MultipartFile[])
2020-09-07 22:37:23 -Mapped "{[/sys/list],methods=[GET]}" onto public com.bootdo.common.utils.PageUtils com.bootdo.system.controller.XzylController.list(java.util.Map<java.lang.String, java.lang.Object>)
2020-09-07 22:37:23 -Mapped "{[/sys/save],methods=[POST]}" onto public com.bootdo.common.utils.ReturnType com.bootdo.system.controller.XzylController.save(com.bootdo.system.domain.ImageAddressDO,org.springframework.web.multipart.MultipartFile[])
2020-09-07 22:37:23 -Mapped "{[/sys/info/{id}],methods=[GET]}" onto java.lang.String com.bootdo.system.controller.XzylController.info(java.lang.Long,org.springframework.ui.Model)
2020-09-07 22:37:23 -Mapped "{[/sys/detail/{id}],methods=[GET]}" onto java.lang.String com.bootdo.system.controller.XzylController.detailById(java.lang.Long,org.springframework.ui.Model)
2020-09-07 22:37:23 -Mapped "{[/sys/listall],methods=[GET]}" onto public java.util.List<com.bootdo.system.domain.ImageAddressDO> com.bootdo.system.controller.XzylController.listAll(java.util.Map<java.lang.String, java.lang.Object>)
2020-09-07 22:37:23 -Mapped "{[/sys/detail/address],methods=[GET]}" onto java.lang.String com.bootdo.system.controller.XzylController.detailByAddress(java.util.Map<java.lang.String, java.lang.Object>,org.springframework.ui.Model)
2020-09-07 22:37:23 -Mapped "{[/sys/updmap/{id}],methods=[GET]}" onto java.lang.String com.bootdo.system.controller.XzylController.updmap(java.lang.Long,org.springframework.ui.Model)
2020-09-07 22:37:23 -Mapped "{[/sys/edit/{id}],methods=[GET]}" onto java.lang.String com.bootdo.system.controller.XzylController.edit(java.lang.Long,org.springframework.ui.Model)
2020-09-07 22:37:23 -Mapped "{[/error]}" onto public org.springframework.http.ResponseEntity<java.util.Map<java.lang.String, java.lang.Object>> org.springframework.boot.autoconfigure.web.servlet.error.BasicErrorController.error(javax.servlet.http.HttpServletRequest)
2020-09-07 22:37:23 -Mapped "{[/error],produces=[text/html]}" onto public org.springframework.web.servlet.ModelAndView org.springframework.boot.autoconfigure.web.servlet.error.BasicErrorController.errorHtml(javax.servlet.http.HttpServletRequest,javax.servlet.http.HttpServletResponse)
2020-09-07 22:37:23 -Mapped URL path [/webjars/**] onto handler of type [class org.springframework.web.servlet.resource.ResourceHttpRequestHandler]
2020-09-07 22:37:23 -Mapped URL path [/**] onto handler of type [class org.springframework.web.servlet.resource.ResourceHttpRequestHandler]
2020-09-07 22:37:23 -[THYMELEAF][restartedMain] Template Mode 'LEGACYHTML5' is deprecated. Using Template Mode 'HTML' instead.
2020-09-07 22:37:25 -HikariPool-1 - Starting...
2020-09-07 22:37:25 -HikariPool-1 - Start completed.
2020-09-07 22:37:26 -Using default implementation for ThreadExecutor
2020-09-07 22:37:26 -Initialized Scheduler Signaller of type: class org.quartz.core.SchedulerSignalerImpl
2020-09-07 22:37:26 -Quartz Scheduler v.2.2.1 created.
2020-09-07 22:37:26 -RAMJobStore initialized.
2020-09-07 22:37:26 -Scheduler meta-data: Quartz Scheduler (v2.2.1) 'quartzScheduler' with instanceId 'NON_CLUSTERED'
  Scheduler class: 'org.quartz.core.QuartzScheduler' - running locally.
  NOT STARTED.
  Currently in standby mode.
  Number of jobs executed: 0
  Using thread pool 'org.quartz.simpl.SimpleThreadPool' - with 10 threads.
  Using job-store 'org.quartz.simpl.RAMJobStore' - which does not support persistence. and is not clustered.

2020-09-07 22:37:26 -Quartz scheduler 'quartzScheduler' initialized from an externally provided properties instance.
2020-09-07 22:37:26 -Quartz scheduler version: 2.2.1
2020-09-07 22:37:26 -JobFactory set to: org.springframework.boot.autoconfigure.quartz.AutowireCapableBeanJobFactory@e9f8add
2020-09-07 22:37:27 -LiveReload server is running on port 35729
2020-09-07 22:37:27 -Registering beans for JMX exposure on startup
2020-09-07 22:37:27 -Bean with name 'dataSource' has been autodetected for JMX exposure
2020-09-07 22:37:27 -Located MBean 'dataSource': registering with JMX server as MBean [com.zaxxer.hikari:name=dataSource,type=HikariDataSource]
2020-09-07 22:37:27 -Starting beans in phase 2147483647
2020-09-07 22:37:27 -Starting Quartz Scheduler now
2020-09-07 22:37:27 -Scheduler quartzScheduler_$_NON_CLUSTERED started.
2020-09-07 22:37:27 -Starting ProtocolHandler ["http-nio-9991"]
2020-09-07 22:37:27 -Using a shared selector for servlet write/read
2020-09-07 22:37:27 -Tomcat started on port(s): 9991 (http) with context path ''
2020-09-07 22:37:27 -Started BootdoApplication in 15.729 seconds (JVM running for 17.081)
2020-09-07 22:37:27 -Initializing Spring FrameworkServlet 'dispatcherServlet'
2020-09-07 22:37:27 -FrameworkServlet 'dispatcherServlet': initialization started
2020-09-07 22:37:28 -FrameworkServlet 'dispatcherServlet': initialization completed in 152 ms
2020-09-07 22:38:36 -D:\AAAprivate\mapServer\src\main\resources\static\upload\images
2020-09-07 22:40:09 -D:\AAAprivate\mapServer\src\main\resources\static\upload\images
2020-09-07 22:40:09 -Loading XML bean definitions from class path resource [org/springframework/jdbc/support/sql-error-codes.xml]
2020-09-07 22:40:09 -SQLErrorCodes loaded: [DB2, Derby, H2, HDB, HSQL, Informix, MS-SQL, MySQL, Oracle, PostgreSQL, Sybase]
2020-09-07 22:40:09 -Servlet.service() for servlet [dispatcherServlet] in context with path [] threw exception [Request processing failed; nested exception is org.springframework.dao.DataIntegrityViolationException: 
### Error updating database.  Cause: com.mysql.jdbc.exceptions.jdbc4.MySQLIntegrityConstraintViolationException: Column 'MAPID' cannot be null
### The error may involve com.bootdo.system.dao.ImageDao.save-Inline
### The error occurred while setting parameters
### SQL: INSERT INTO TB_PHOTOINFO (      MAPID,    IMAGENAMEOLD,    IMAGENAMENEW,    IMAGERESOOLD,    IMAGERESONEW,    IMAGE,    IMAGEYEARS,    IMAGECONTENT,    IMAGESTATE,    DEL_FLG,    REC_INS_TS,    REC_UPD_TS   )   VALUES   (   ?,     ?,   ?,   ?,   ?,   ?,   ?,   ?,   ?,   0,   now(),   now()   )
### Cause: com.mysql.jdbc.exceptions.jdbc4.MySQLIntegrityConstraintViolationException: Column 'MAPID' cannot be null
; ]; Column 'MAPID' cannot be null; nested exception is com.mysql.jdbc.exceptions.jdbc4.MySQLIntegrityConstraintViolationException: Column 'MAPID' cannot be null] with root cause
com.mysql.jdbc.exceptions.jdbc4.MySQLIntegrityConstraintViolationException: Column 'MAPID' cannot be null
	at sun.reflect.NativeConstructorAccessorImpl.newInstance0(Native Method)
	at sun.reflect.NativeConstructorAccessorImpl.newInstance(NativeConstructorAccessorImpl.java:62)
	at sun.reflect.DelegatingConstructorAccessorImpl.newInstance(DelegatingConstructorAccessorImpl.java:45)
	at java.lang.reflect.Constructor.newInstance(Constructor.java:423)
	at com.mysql.jdbc.Util.handleNewInstance(Util.java:425)
	at com.mysql.jdbc.Util.getInstance(Util.java:408)
	at com.mysql.jdbc.SQLError.createSQLException(SQLError.java:936)
	at com.mysql.jdbc.MysqlIO.checkErrorPacket(MysqlIO.java:3976)
	at com.mysql.jdbc.MysqlIO.checkErrorPacket(MysqlIO.java:3912)
	at com.mysql.jdbc.MysqlIO.sendCommand(MysqlIO.java:2530)
	at com.mysql.jdbc.MysqlIO.sqlQueryDirect(MysqlIO.java:2683)
	at com.mysql.jdbc.ConnectionImpl.execSQL(ConnectionImpl.java:2486)
	at com.mysql.jdbc.PreparedStatement.executeInternal(PreparedStatement.java:1858)
	at com.mysql.jdbc.PreparedStatement.execute(PreparedStatement.java:1197)
	at com.zaxxer.hikari.pool.ProxyPreparedStatement.execute(ProxyPreparedStatement.java:44)
	at com.zaxxer.hikari.pool.HikariProxyPreparedStatement.execute(HikariProxyPreparedStatement.java)
	at org.apache.ibatis.executor.statement.PreparedStatementHandler.update(PreparedStatementHandler.java:46)
	at org.apache.ibatis.executor.statement.RoutingStatementHandler.update(RoutingStatementHandler.java:74)
	at org.apache.ibatis.executor.SimpleExecutor.doUpdate(SimpleExecutor.java:50)
	at org.apache.ibatis.executor.BaseExecutor.update(BaseExecutor.java:117)
	at org.apache.ibatis.executor.CachingExecutor.update(CachingExecutor.java:76)
	at org.apache.ibatis.session.defaults.DefaultSqlSession.update(DefaultSqlSession.java:198)
	at org.apache.ibatis.session.defaults.DefaultSqlSession.insert(DefaultSqlSession.java:185)
	at sun.reflect.NativeMethodAccessorImpl.invoke0(Native Method)
	at sun.reflect.NativeMethodAccessorImpl.invoke(NativeMethodAccessorImpl.java:62)
	at sun.reflect.DelegatingMethodAccessorImpl.invoke(DelegatingMethodAccessorImpl.java:43)
	at java.lang.reflect.Method.invoke(Method.java:498)
	at org.mybatis.spring.SqlSessionTemplate$SqlSessionInterceptor.invoke(SqlSessionTemplate.java:434)
	at com.sun.proxy.$Proxy78.insert(Unknown Source)
	at org.mybatis.spring.SqlSessionTemplate.insert(SqlSessionTemplate.java:279)
	at org.apache.ibatis.binding.MapperMethod.execute(MapperMethod.java:57)
	at org.apache.ibatis.binding.MapperProxy.invoke(MapperProxy.java:59)
	at com.sun.proxy.$Proxy84.save(Unknown Source)
	at com.bootdo.system.service.impl.XzylServiceImpl.save(XzylServiceImpl.java:101)
	at com.bootdo.system.service.impl.XzylServiceImpl$$FastClassBySpringCGLIB$$db4b16c6.invoke(<generated>)
	at org.springframework.cglib.proxy.MethodProxy.invoke(MethodProxy.java:204)
	at org.springframework.aop.framework.CglibAopProxy$CglibMethodInvocation.invokeJoinpoint(CglibAopProxy.java:746)
	at org.springframework.aop.framework.ReflectiveMethodInvocation.proceed(ReflectiveMethodInvocation.java:163)
	at org.springframework.transaction.interceptor.TransactionAspectSupport.invokeWithinTransaction(TransactionAspectSupport.java:294)
	at org.springframework.transaction.interceptor.TransactionInterceptor.invoke(TransactionInterceptor.java:98)
	at org.springframework.aop.framework.ReflectiveMethodInvocation.proceed(ReflectiveMethodInvocation.java:185)
	at org.springframework.aop.framework.CglibAopProxy$DynamicAdvisedInterceptor.intercept(CglibAopProxy.java:688)
	at com.bootdo.system.service.impl.XzylServiceImpl$$EnhancerBySpringCGLIB$$c23711df.save(<generated>)
	at com.bootdo.system.controller.XzylController.save(XzylController.java:101)
	at sun.reflect.NativeMethodAccessorImpl.invoke0(Native Method)
	at sun.reflect.NativeMethodAccessorImpl.invoke(NativeMethodAccessorImpl.java:62)
	at sun.reflect.DelegatingMethodAccessorImpl.invoke(DelegatingMethodAccessorImpl.java:43)
	at java.lang.reflect.Method.invoke(Method.java:498)
	at org.springframework.web.method.support.InvocableHandlerMethod.doInvoke(InvocableHandlerMethod.java:209)
	at org.springframework.web.method.support.InvocableHandlerMethod.invokeForRequest(InvocableHandlerMethod.java:136)
	at org.springframework.web.servlet.mvc.method.annotation.ServletInvocableHandlerMethod.invokeAndHandle(ServletInvocableHandlerMethod.java:102)
	at org.springframework.web.servlet.mvc.method.annotation.RequestMappingHandlerAdapter.invokeHandlerMethod(RequestMappingHandlerAdapter.java:877)
	at org.springframework.web.servlet.mvc.method.annotation.RequestMappingHandlerAdapter.handleInternal(RequestMappingHandlerAdapter.java:783)
	at org.springframework.web.servlet.mvc.method.AbstractHandlerMethodAdapter.handle(AbstractHandlerMethodAdapter.java:87)
	at org.springframework.web.servlet.DispatcherServlet.doDispatch(DispatcherServlet.java:991)
	at org.springframework.web.servlet.DispatcherServlet.doService(DispatcherServlet.java:925)
	at org.springframework.web.servlet.FrameworkServlet.processRequest(FrameworkServlet.java:974)
	at org.springframework.web.servlet.FrameworkServlet.doPost(FrameworkServlet.java:877)
	at javax.servlet.http.HttpServlet.service(HttpServlet.java:661)
	at org.springframework.web.servlet.FrameworkServlet.service(FrameworkServlet.java:851)
	at javax.servlet.http.HttpServlet.service(HttpServlet.java:742)
	at org.apache.catalina.core.ApplicationFilterChain.internalDoFilter(ApplicationFilterChain.java:231)
	at org.apache.catalina.core.ApplicationFilterChain.doFilter(ApplicationFilterChain.java:166)
	at org.apache.tomcat.websocket.server.WsFilter.doFilter(WsFilter.java:52)
	at org.apache.catalina.core.ApplicationFilterChain.internalDoFilter(ApplicationFilterChain.java:193)
	at org.apache.catalina.core.ApplicationFilterChain.doFilter(ApplicationFilterChain.java:166)
	at org.springframework.web.filter.RequestContextFilter.doFilterInternal(RequestContextFilter.java:99)
	at org.springframework.web.filter.OncePerRequestFilter.doFilter(OncePerRequestFilter.java:107)
	at org.apache.catalina.core.ApplicationFilterChain.internalDoFilter(ApplicationFilterChain.java:193)
	at org.apache.catalina.core.ApplicationFilterChain.doFilter(ApplicationFilterChain.java:166)
	at org.springframework.web.filter.HttpPutFormContentFilter.doFilterInternal(HttpPutFormContentFilter.java:109)
	at org.springframework.web.filter.OncePerRequestFilter.doFilter(OncePerRequestFilter.java:107)
	at org.apache.catalina.core.ApplicationFilterChain.internalDoFilter(ApplicationFilterChain.java:193)
	at org.apache.catalina.core.ApplicationFilterChain.doFilter(ApplicationFilterChain.java:166)
	at org.springframework.web.filter.HiddenHttpMethodFilter.doFilterInternal(HiddenHttpMethodFilter.java:93)
	at org.springframework.web.filter.OncePerRequestFilter.doFilter(OncePerRequestFilter.java:107)
	at org.apache.catalina.core.ApplicationFilterChain.internalDoFilter(ApplicationFilterChain.java:193)
	at org.apache.catalina.core.ApplicationFilterChain.doFilter(ApplicationFilterChain.java:166)
	at org.springframework.web.filter.CharacterEncodingFilter.doFilterInternal(CharacterEncodingFilter.java:200)
	at org.springframework.web.filter.OncePerRequestFilter.doFilter(OncePerRequestFilter.java:107)
	at org.apache.catalina.core.ApplicationFilterChain.internalDoFilter(ApplicationFilterChain.java:193)
	at org.apache.catalina.core.ApplicationFilterChain.doFilter(ApplicationFilterChain.java:166)
	at org.apache.catalina.core.StandardWrapperValve.invoke(StandardWrapperValve.java:198)
	at org.apache.catalina.core.StandardContextValve.invoke(StandardContextValve.java:96)
	at org.apache.catalina.authenticator.AuthenticatorBase.invoke(AuthenticatorBase.java:496)
	at org.apache.catalina.core.StandardHostValve.invoke(StandardHostValve.java:140)
	at org.apache.catalina.valves.ErrorReportValve.invoke(ErrorReportValve.java:81)
	at org.apache.catalina.core.StandardEngineValve.invoke(StandardEngineValve.java:87)
	at org.apache.catalina.connector.CoyoteAdapter.service(CoyoteAdapter.java:342)
	at org.apache.coyote.http11.Http11Processor.service(Http11Processor.java:803)
	at org.apache.coyote.AbstractProcessorLight.process(AbstractProcessorLight.java:66)
	at org.apache.coyote.AbstractProtocol$ConnectionHandler.process(AbstractProtocol.java:790)
	at org.apache.tomcat.util.net.NioEndpoint$SocketProcessor.doRun(NioEndpoint.java:1468)
	at org.apache.tomcat.util.net.SocketProcessorBase.run(SocketProcessorBase.java:49)
	at java.util.concurrent.ThreadPoolExecutor.runWorker(ThreadPoolExecutor.java:1149)
	at java.util.concurrent.ThreadPoolExecutor$Worker.run(ThreadPoolExecutor.java:624)
	at org.apache.tomcat.util.threads.TaskThread$WrappingRunnable.run(TaskThread.java:61)
	at java.lang.Thread.run(Thread.java:748)
2020-09-07 22:42:44 -Starting BootdoApplication on DESKTOP-M8PQO5R with PID 16604 (D:\AAAprivate\mapServer\target\classes started by Administrator in D:\AAAprivate\mapServer)
2020-09-07 22:42:44 -The following profiles are active: dev
2020-09-07 22:42:44 -Refreshing org.springframework.boot.web.servlet.context.AnnotationConfigServletWebServerApplicationContext@4235626b: startup date [Mon Sep 07 22:42:44 CST 2020]; root of context hierarchy
2020-09-07 22:42:47 -Multiple Spring Data modules found, entering strict repository configuration mode!
2020-09-07 22:42:49 -Bean 'org.springframework.transaction.annotation.ProxyTransactionManagementConfiguration' of type [org.springframework.transaction.annotation.ProxyTransactionManagementConfiguration$$EnhancerBySpringCGLIB$$5a658579] is not eligible for getting processed by all BeanPostProcessors (for example: not eligible for auto-proxying)
2020-09-07 22:42:50 -Tomcat initialized with port(s): 9991 (http)
2020-09-07 22:42:50 -Initializing ProtocolHandler ["http-nio-9991"]
2020-09-07 22:42:50 -Starting service [Tomcat]
2020-09-07 22:42:50 -Starting Servlet Engine: Apache Tomcat/8.5.31
2020-09-07 22:42:50 -The APR based Apache Tomcat Native library which allows optimal performance in production environments was not found on the java.library.path: [C:\Program Files\Java\jdk1.8.0_161\bin;C:\Windows\Sun\Java\bin;C:\Windows\system32;C:\Windows;C:/Program Files/Java/jre1.8.0_161/bin/server;C:/Program Files/Java/jre1.8.0_161/bin;C:/Program Files/Java/jre1.8.0_161/lib/amd64;C:\ProgramData\Oracle\Java\javapath;C:\Windows\system32;C:\Windows;C:\Windows\System32\Wbem;C:\Windows\System32\WindowsPowerShell\v1.0\;C:\Program Files\Java\jdk1.8.0_161\BIN;C:\Program Files\Java\jdk1.8.0_161\jre\bin;C:\Program Files\OpenVPN\bin;C:\Program Files\Git\cmd;D:\ZtWork\MariaDB 10.2\bin;C:\Program Files\Bandizip\;D:\ZtWork\MariaDB 10.2\bin;;D:\eclipse_64\eclipse;;.]
2020-09-07 22:42:50 -Initializing Spring embedded WebApplicationContext
2020-09-07 22:42:50 -Root WebApplicationContext: initialization completed in 5989 ms
2020-09-07 22:42:51 -Servlet dispatcherServlet mapped to [/]
2020-09-07 22:42:51 -Mapping filter: 'characterEncodingFilter' to: [/*]
2020-09-07 22:42:51 -Mapping filter: 'hiddenHttpMethodFilter' to: [/*]
2020-09-07 22:42:51 -Mapping filter: 'httpPutFormContentFilter' to: [/*]
2020-09-07 22:42:51 -Mapping filter: 'requestContextFilter' to: [/*]
2020-09-07 22:42:53 -Mapped URL path [/**/favicon.ico] onto handler of type [class org.springframework.web.servlet.resource.ResourceHttpRequestHandler]
2020-09-07 22:42:53 -Looking for @ControllerAdvice: org.springframework.boot.web.servlet.context.AnnotationConfigServletWebServerApplicationContext@4235626b: startup date [Mon Sep 07 22:42:44 CST 2020]; root of context hierarchy
2020-09-07 22:42:54 -Mapped "{[/base/getcityinfo],methods=[GET]}" onto public java.util.List<java.util.Map<java.lang.String, java.lang.Object>> com.bootdo.system.controller.BaseInfoController.getCityInfo(java.util.Map<java.lang.String, java.lang.Object>)
2020-09-07 22:42:54 -Mapped "{[/base/getimagecode],methods=[GET]}" onto public java.util.List<java.util.Map<java.lang.String, java.lang.Object>> com.bootdo.system.controller.BaseInfoController.getImageCode(java.util.Map<java.lang.String, java.lang.Object>)
2020-09-07 22:42:54 -Mapped "{[/base/getstatuscode],methods=[GET]}" onto public java.util.List<java.util.Map<java.lang.String, java.lang.Object>> com.bootdo.system.controller.BaseInfoController.getStatusCode(java.util.Map<java.lang.String, java.lang.Object>)
2020-09-07 22:42:54 -Mapped "{[/index],methods=[GET]}" onto java.lang.String com.bootdo.system.controller.LoginController.index(org.springframework.ui.Model)
2020-09-07 22:42:54 -Mapped "{[/main],methods=[GET]}" onto java.lang.String com.bootdo.system.controller.LoginController.main()
2020-09-07 22:42:54 -Mapped "{[/ || ],methods=[GET]}" onto java.lang.String com.bootdo.system.controller.LoginController.welcome(org.springframework.ui.Model)
2020-09-07 22:42:54 -Mapped "{[/mapgoogle],methods=[GET]}" onto java.lang.String com.bootdo.system.controller.LoginController.mapGoogle(org.springframework.ui.Model)
2020-09-07 22:42:54 -Mapped "{[/sys/xzyl],methods=[GET]}" onto java.lang.String com.bootdo.system.controller.XzylController.index(org.springframework.ui.Model)
2020-09-07 22:42:54 -Mapped "{[/sys/add],methods=[GET]}" onto java.lang.String com.bootdo.system.controller.XzylController.add()
2020-09-07 22:42:54 -Mapped "{[/sys/remove],methods=[POST]}" onto public com.bootdo.common.utils.ReturnType com.bootdo.system.controller.XzylController.remove(java.lang.Long)
2020-09-07 22:42:54 -Mapped "{[/sys/update]}" onto public com.bootdo.common.utils.ReturnType com.bootdo.system.controller.XzylController.update(com.bootdo.system.domain.ImageAddressDO,org.springframework.web.multipart.MultipartFile[])
2020-09-07 22:42:54 -Mapped "{[/sys/list],methods=[GET]}" onto public com.bootdo.common.utils.PageUtils com.bootdo.system.controller.XzylController.list(java.util.Map<java.lang.String, java.lang.Object>)
2020-09-07 22:42:54 -Mapped "{[/sys/save],methods=[POST]}" onto public com.bootdo.common.utils.ReturnType com.bootdo.system.controller.XzylController.save(com.bootdo.system.domain.ImageAddressDO,org.springframework.web.multipart.MultipartFile[])
2020-09-07 22:42:54 -Mapped "{[/sys/info/{id}],methods=[GET]}" onto java.lang.String com.bootdo.system.controller.XzylController.info(java.lang.Long,org.springframework.ui.Model)
2020-09-07 22:42:54 -Mapped "{[/sys/listall],methods=[GET]}" onto public java.util.List<com.bootdo.system.domain.ImageAddressDO> com.bootdo.system.controller.XzylController.listAll(java.util.Map<java.lang.String, java.lang.Object>)
2020-09-07 22:42:54 -Mapped "{[/sys/updmap/{id}],methods=[GET]}" onto java.lang.String com.bootdo.system.controller.XzylController.updmap(java.lang.Long,org.springframework.ui.Model)
2020-09-07 22:42:54 -Mapped "{[/sys/detail/address],methods=[GET]}" onto java.lang.String com.bootdo.system.controller.XzylController.detailByAddress(java.util.Map<java.lang.String, java.lang.Object>,org.springframework.ui.Model)
2020-09-07 22:42:54 -Mapped "{[/sys/edit/{id}],methods=[GET]}" onto java.lang.String com.bootdo.system.controller.XzylController.edit(java.lang.Long,org.springframework.ui.Model)
2020-09-07 22:42:54 -Mapped "{[/sys/detail/{id}],methods=[GET]}" onto java.lang.String com.bootdo.system.controller.XzylController.detailById(java.lang.Long,org.springframework.ui.Model)
2020-09-07 22:42:54 -Mapped "{[/error]}" onto public org.springframework.http.ResponseEntity<java.util.Map<java.lang.String, java.lang.Object>> org.springframework.boot.autoconfigure.web.servlet.error.BasicErrorController.error(javax.servlet.http.HttpServletRequest)
2020-09-07 22:42:54 -Mapped "{[/error],produces=[text/html]}" onto public org.springframework.web.servlet.ModelAndView org.springframework.boot.autoconfigure.web.servlet.error.BasicErrorController.errorHtml(javax.servlet.http.HttpServletRequest,javax.servlet.http.HttpServletResponse)
2020-09-07 22:42:54 -Mapped URL path [/webjars/**] onto handler of type [class org.springframework.web.servlet.resource.ResourceHttpRequestHandler]
2020-09-07 22:42:54 -Mapped URL path [/**] onto handler of type [class org.springframework.web.servlet.resource.ResourceHttpRequestHandler]
2020-09-07 22:42:54 -[THYMELEAF][restartedMain] Template Mode 'LEGACYHTML5' is deprecated. Using Template Mode 'HTML' instead.
2020-09-07 22:42:57 -HikariPool-1 - Starting...
2020-09-07 22:42:58 -HikariPool-1 - Start completed.
2020-09-07 22:42:58 -Using default implementation for ThreadExecutor
2020-09-07 22:42:58 -Initialized Scheduler Signaller of type: class org.quartz.core.SchedulerSignalerImpl
2020-09-07 22:42:58 -Quartz Scheduler v.2.2.1 created.
2020-09-07 22:42:58 -RAMJobStore initialized.
2020-09-07 22:42:58 -Scheduler meta-data: Quartz Scheduler (v2.2.1) 'quartzScheduler' with instanceId 'NON_CLUSTERED'
  Scheduler class: 'org.quartz.core.QuartzScheduler' - running locally.
  NOT STARTED.
  Currently in standby mode.
  Number of jobs executed: 0
  Using thread pool 'org.quartz.simpl.SimpleThreadPool' - with 10 threads.
  Using job-store 'org.quartz.simpl.RAMJobStore' - which does not support persistence. and is not clustered.

2020-09-07 22:42:58 -Quartz scheduler 'quartzScheduler' initialized from an externally provided properties instance.
2020-09-07 22:42:58 -Quartz scheduler version: 2.2.1
2020-09-07 22:42:58 -JobFactory set to: org.springframework.boot.autoconfigure.quartz.AutowireCapableBeanJobFactory@44fce66d
2020-09-07 22:43:00 -LiveReload server is running on port 35729
2020-09-07 22:43:00 -Registering beans for JMX exposure on startup
2020-09-07 22:43:00 -Bean with name 'dataSource' has been autodetected for JMX exposure
2020-09-07 22:43:00 -Located MBean 'dataSource': registering with JMX server as MBean [com.zaxxer.hikari:name=dataSource,type=HikariDataSource]
2020-09-07 22:43:00 -Starting beans in phase 2147483647
2020-09-07 22:43:00 -Starting Quartz Scheduler now
2020-09-07 22:43:00 -Scheduler quartzScheduler_$_NON_CLUSTERED started.
2020-09-07 22:43:00 -Starting ProtocolHandler ["http-nio-9991"]
2020-09-07 22:43:00 -Using a shared selector for servlet write/read
2020-09-07 22:43:00 -Tomcat started on port(s): 9991 (http) with context path ''
2020-09-07 22:43:00 -Started BootdoApplication in 17.339 seconds (JVM running for 18.469)
2020-09-07 22:43:00 -Initializing Spring FrameworkServlet 'dispatcherServlet'
2020-09-07 22:43:00 -FrameworkServlet 'dispatcherServlet': initialization started
2020-09-07 22:43:01 -FrameworkServlet 'dispatcherServlet': initialization completed in 163 ms
2020-09-07 22:43:58 -D:\AAAprivate\mapServer\src\main\resources\static\upload\images
2020-09-07 22:46:12 -D:\AAAprivate\mapServer\src\main\resources\static\upload\images
2020-09-07 22:46:59 -D:\AAAprivate\mapServer\src\main\resources\static\upload\images
